--[ 2021.04.05.13.06.02.710.0 ]--
NewLogger: QueryBuilder
Version: 1.4
--[ 2021.04.05.13.06.02.789.0 ]--
InitTree:
/out/production/RegexTool/grammar/regexTool.g4
/out/production/RegexTool/grammar/regexTool.interp
/out/production/RegexTool/grammar/regexTool.tokens
/out/production/RegexTool/grammar/regexToolLexer.class
/out/production/RegexTool/grammar/regexToolLexer.interp
/out/production/RegexTool/grammar/regexToolLexer.tokens
/out/production/RegexTool/grammar/regexToolParser.class
/out/production/RegexTool/grammar/regexToolVisitor.class
/out/production/RegexTool/grammar/regexToolListener.class
/out/production/RegexTool/grammar/regexToolBaseVisitor.class
/out/production/RegexTool/grammar/regexToolBaseListener.class
/out/production/RegexTool/grammar/regexToolParser$TermContext.class
/out/production/RegexTool/grammar/regexToolParser$StartContext.class
/out/production/RegexTool/grammar/regexToolParser$CommentContext.class
/out/production/RegexTool/grammar/regexToolParser$ImportsContext.class
/out/production/RegexTool/grammar/regexToolParser$Func_callContext.class
/out/production/RegexTool/grammar/regexToolParser$StatementContext.class
/out/production/RegexTool/grammar/regexToolParser$Term_listContext.class
/out/production/RegexTool/grammar/regexToolParser$Build_stmtContext.class
/out/production/RegexTool/grammar/regexToolParser$Comma_listContext.class
/out/production/RegexTool/grammar/regexToolParser$Label_stmtContext.class
/out/production/RegexTool/grammar/regexToolParser$StatementsContext.class
/out/production/RegexTool/grammar/regexToolParser$Capture_stmtContext.class
/out/production/RegexTool/grammar/regexToolParser$Comma_list_tailContext.class
/out/production/RegexTool/Test.class
/src/grammar/regexTool.g4
/src/grammar/regexTool.interp
/src/grammar/regexTool.tokens
/src/grammar/regexToolLexer.java
/src/grammar/regexToolParser.java
/src/grammar/regexToolLexer.interp
/src/grammar/regexToolLexer.tokens
/src/grammar/regexToolVisitor.java
/src/grammar/regexToolListener.java
/src/grammar/regexToolBaseVisitor.java
/src/grammar/regexToolBaseListener.java
/src/Test.java
/.git/info/exclude
/.git/logs/refs/heads/master
/.git/logs/refs/remotes/origin/HEAD
/.git/logs/HEAD
/.git/refs/heads/master
/.git/refs/remotes/origin/HEAD
/.git/hooks/update.sample
/.git/hooks/pre-push.sample
/.git/hooks/commit-msg.sample
/.git/hooks/pre-commit.sample
/.git/hooks/pre-rebase.sample
/.git/hooks/post-update.sample
/.git/hooks/pre-receive.sample
/.git/hooks/applypatch-msg.sample
/.git/hooks/pre-applypatch.sample
/.git/hooks/pre-merge-commit.sample
/.git/hooks/fsmonitor-watchman.sample
/.git/hooks/prepare-commit-msg.sample
/.git/objects/07/6d334d0a4035957040c810b5a8630cc3763afb
/.git/objects/08/a6400d7b14f98b69b7bde30b7c9fdb8cfe3a4f
/.git/objects/09/a9c2d97634bb0510206f6ecdb85fc2dd52d529
/.git/objects/0a/bac162b0dfb6f5448111228a8699751c065b9c
/.git/objects/0b/34accb972c814d05576d35654167903f5b3a7f
/.git/objects/14/1fc65906f790347be8a45e1056a6f1ff19ae5d
/.git/objects/15/f55c9db690ccf9789ec140ee8f2f181db2193f
/.git/objects/16/e60dbe0dd29053c6ef29715fc4a276b45d91ea
/.git/objects/21/cb9b8e465a236168b9d4af2bc3922d5aadccf8
/.git/objects/23/e294df8fc7cab170aab915d799c81d24217fd3
/.git/objects/23/ee9a01db719eb63d556465464f5c6ad4497829
/.git/objects/26/d33521af10bcc7fd8cea344038eaaeb78d0ef5
/.git/objects/38/4042fba8ea3ab86f55bf76f691086b24341016
/.git/objects/3a/60f9d19ad8a0171d5b77efb41aeb58d3aec4eb
/.git/objects/41/8ac839f471d53ea1fc510d7e42dc24dfa84452
/.git/objects/44/a9cc49c5ec3e8b533ce89baf53cb5f643dd913
/.git/objects/47/780e8800dfe90881fe93c839ccb010a35bc0e3
/.git/objects/4c/aa35fed2f73ed1b4f81330d65fa0fec2544821
/.git/objects/51/71753f10d5125840f1b293446a85de0f2869af
/.git/objects/52/1501c4e89df2edd9c674a7a53e2fb0a5c424d4
/.git/objects/57/404add8aa726c1a1b1c325b1357fd4e0c07cf4
/.git/objects/57/64e6cfb8618676a0a69f61fadb37f83a3671ad
/.git/objects/71/b5e74d69fafe1b0147be558ed8e4c83809864e
/.git/objects/79/aebc272d9ddc0635229c9afd6b9e9f9878cf25
/.git/objects/83/06bdf87c47c65fdf9eeae6718bb87a81dc3d0b
/.git/objects/8c/df4baeeb05f32a68e806ffd8a787f6e3ad9df8
/.git/objects/8d/742e4959253fcb09853055715b82f13ab8376b
/.git/objects/8d/7a937cc9175a51b218d918acc4f5742ea2211d
/.git/objects/93/1d1344233efae4f04fb7496ce05b6158045240
/.git/objects/96/1e084562ba8e8216e439c6c4f2af1e7507b9e3
/.git/objects/a5/3009e62f28984aa7c62704348886f7efa5deab
/.git/objects/a5/62e6684c37f11948119b24a1b5f8b59d16c85d
/.git/objects/a5/ebd475ab9177e69045517f300d0f97b0f9c8f4
/.git/objects/a8/415f1690021314d46f4677356ad57fa3e9b486
/.git/objects/b6/4a874b22dc4c89e5ca41f16863556d145a86b9
/.git/objects/c3/0969db48acfa344961b72320f0fe19443881bb
/.git/objects/cd/77145916ca02a15c1c34918d162936dfa572df
/.git/objects/d2/9186d54148a1a385fc9c35e99cb20d94d708ea
/.git/objects/d6/88bdf090f33efb9eee4ba112e63c3180ab968f
/.git/objects/d7/baaf98ee9d27a12ce91210d9408326fb133d18
/.git/objects/da/827f99efd2c8454b77933c7592a53161145a3f
/.git/objects/db/fc5f3c5d22672729922399f79b2a43eb686b89
/.git/objects/f4/2ecb2c57953aa1b5c8b780724be65b136fd1b9
/.git/objects/f4/9d68fc2735b83f3773124797b8d3c2a8651dc6
/.git/objects/f5/84d821afe63c1ec493bec249ef475288861de8
/.git/objects/fa/d924d888b762dbdb579595ffe4287a8dc6f6fc
/.git/objects/fb/e2ae79e1297ba0cbde91fc8eb8d89b13ef208f
/.git/objects/fe/8712fd06e154dee3d85e84b0e947df98451add
/.git/objects/ff/fb2c26a80bd3b6c82a1e8df60b29838d786f7d
/.git/HEAD
/.git/index
/.git/config
/.git/description
/.git/packed-refs
/test/test1.txt
/test/test2.txt
/.idea/libraries/antlr_runtime_4_9_1.xml
/.idea/misc.xml
/.idea/.gitignore
/.idea/modules.xml
/RegexTool.iml

--[ 2021.04.05.13.06.03.603.0 ]--
UpdateTree (AD): 1 0
+ /.log/history.log

--[ 2021.04.05.13.08.02.877.0 ]--
UpdateTree (AD): 1 0
+ /.idea/vcs.xml

--[ 2021.04.05.13.12.41.346.0 ]--
UpdateTree (AD): 1 0
+ /.idea/workspace.xml

--[ 2021.04.05.13.12.56.484.0 ]--
UpdateTree (AD): 1 0
+ /.git/objects/35/eb1ddfbbc029bcab630581847471d7f238ec53

--[ 2021.04.05.13.31.40.116.0 ]--
CompilationStatus (AEW): 0 0 2
[Ljava.lang.String;@4fae027b
--[ 2021.04.05.13.31.47.930.0 ]--
UpdateTree (AD): 2 0
+ /out/production/RegexTool/grammar/regexToolParser$Test_stmtContext.class
+ /out/production/RegexTool/grammar/regexToolParser$Namespace_stmtContext.class

--[ 2021.04.05.13.32.19.439.0 ]--
CompilationStatus (AEW): 0 0 0
--[ 2021.04.05.13.32.30.911.0 ]--
CompilationStatus (AEW): 0 0 0
--[ 2021.04.05.13.33.54.302.0 ]--
CompilationStatus (AEW): 0 0 0
--[ 2021.04.05.13.34.17.649.0 ]--
CompilationStatus (AEW): 0 0 0
--[ 2021.04.05.13.34.28.789.0 ]--
CompilationStatus (AEW): 0 0 0
--[ 2021.04.05.13.35.04.416.0 ]--
CompilationStatus (AEW): 0 0 0
--[ 2021.04.05.13.37.42.696.0 ]--
CompilationStatus (AEW): 0 0 0
--[ 2021.04.05.13.38.42.354.0 ]--
CompilationStatus (AEW): 0 0 0
--[ 2021.04.05.13.39.52.636.0 ]--
CompilationStatus (AEW): 0 0 0
--[ 2021.04.05.13.40.45.381.0 ]--
CompilationStatus (AEW): 0 0 0
--[ 2021.04.05.13.42.12.160.0 ]--
CompilationStatus (AEW): 0 0 0
--[ 2021.04.05.13.42.25.922.0 ]--
CompilationStatus (AEW): 0 0 0
--[ 2021.04.05.13.43.41.973.0 ]--
CompilationStatus (AEW): 0 0 0
--[ 2021.04.05.13.43.54.845.0 ]--
CompilationStatus (AEW): 0 0 0
--[ 2021.04.05.13.46.24.503.0 ]--
CompilationStatus (AEW): 0 0 0
--[ 2021.04.05.13.48.07.000.0 ]--
CompilationStatus (AEW): 0 0 0
--[ 2021.04.05.13.48.24.475.0 ]--
CompilationStatus (AEW): 0 0 0
--[ 2021.04.05.13.48.46.436.0 ]--
CompilationStatus (AEW): 0 0 0
--[ 2021.04.05.13.49.07.348.0 ]--
CompilationStatus (AEW): 0 0 0
--[ 2021.04.05.13.49.45.308.0 ]--
CompilationStatus (AEW): 0 0 0
--[ 2021.04.05.13.50.04.656.0 ]--
CompilationStatus (AEW): 0 0 0
--[ 2021.04.05.13.50.27.139.0 ]--
CompilationStatus (AEW): 0 0 0
--[ 2021.04.05.13.51.42.101.0 ]--
UpdateTree (AD): 0 1
- /out/production/RegexTool/grammar/regexToolParser$Namespace_stmtContext.class

--[ 2021.04.05.13.51.42.105.0 ]--
CompilationStatus (AEW): 0 0 0
--[ 2021.04.05.13.52.08.624.0 ]--
UpdateTree (AD): 1 0
+ /out/production/RegexTool/grammar/regexToolParser$NamespaceContext.class

--[ 2021.04.05.13.52.37.291.0 ]--
CompilationStatus (AEW): 0 0 0
--[ 2021.04.05.13.52.58.114.0 ]--
CompilationStatus (AEW): 0 0 0
--[ 2021.04.05.13.53.22.628.0 ]--
CompilationStatus (AEW): 0 0 0
--[ 2021.04.05.13.55.26.205.0 ]--
CompilationStatus (AEW): 0 0 0
--[ 2021.04.05.13.55.36.563.0 ]--
CompilationStatus (AEW): 0 0 0
--[ 2021.04.05.14.02.34.181.0 ]--
CompilationStatus (AEW): 0 0 0
--[ 2021.04.05.14.02.43.352.0 ]--
CompilationStatus (AEW): 0 0 0
--[ 2021.04.05.14.02.52.729.0 ]--
CompilationStatus (AEW): 0 0 0
--[ 2021.04.05.14.03.24.490.0 ]--
CompilationStatus (AEW): 0 0 0
--[ 2021.04.05.14.04.20.120.0 ]--
CompilationStatus (AEW): 0 0 0
--[ 2021.04.05.14.06.23.813.0 ]--
CompilationStatus (AEW): 0 0 0
--[ 2021.04.05.14.07.30.411.0 ]--
CompilationStatus (AEW): 0 0 0
--[ 2021.04.05.14.15.18.536.0 ]--
UpdateTree (AD): 0 2
- /out/production/RegexTool/grammar/regexToolParser$Comma_listContext.class
- /out/production/RegexTool/grammar/regexToolParser$Comma_list_tailContext.class

--[ 2021.04.05.14.15.18.540.0 ]--
CompilationStatus (AEW): 0 0 0
--[ 2021.04.05.14.16.41.201.0 ]--
UpdateTree (AD): 6 0
+ /out/production/RegexTool/grammar/regexToolParser$ParamContext.class
+ /out/production/RegexTool/grammar/regexToolParser$Arg_listContext.class
+ /out/production/RegexTool/grammar/regexToolParser$Func_stmtContext.class
+ /out/production/RegexTool/grammar/regexToolParser$Param_listContext.class
+ /out/production/RegexTool/grammar/regexToolParser$Arg_list_tailContext.class
+ /out/production/RegexTool/grammar/regexToolParser$Param_list_tailContext.class

--[ 2021.04.05.14.18.05.238.0 ]--
UpdateTree (AD): 1 0
+ /test/good1.qb

--[ 2021.04.05.14.18.14.690.0 ]--
UpdateTree (AD): 1 0
+ /test/good2.qb

--[ 2021.04.05.14.18.37.990.0 ]--
UpdateTree (AD): 1 0
+ /test/good3.qb

--[ 2021.04.05.14.18.59.570.0 ]--
UpdateTree (AD): 1 0
+ /test/good4.qb

--[ 2021.04.05.14.20.37.325.0 ]--
UpdateTree (AD): 1 0
+ /test/good5.qb

--[ 2021.04.05.14.21.03.607.0 ]--
UpdateTree (AD): 1 0
+ /test/good6.qb

--[ 2021.04.05.14.26.02.199.0 ]--
CompilationStatus (AEW): 0 0 0
--[ 2021.04.05.14.26.13.388.0 ]--
UpdateTree (AD): 1 0
+ /out/production/RegexTool/grammar/regexToolParser$VariableContext.class

--[ 2021.04.05.14.37.45.604.0 ]--
CompilationStatus (AEW): 0 0 0
--[ 2021.04.05.14.41.17.871.0 ]--
UpdateTree (AD): 61 0
+ /.git/logs/refs/remotes/origin/master
+ /.git/refs/remotes/origin/master
+ /.git/objects/13/023b2c1e877a0e45b8568c7a9879164afcb5c0
+ /.git/objects/17/6b232d2d305225b2b4be89b364c063a15fb5e2
+ /.git/objects/1d/9ac87882e9b3160bca6ac40a86547eb8da64ea
+ /.git/objects/1e/b44eb17c6139aa3f4f2f9464cdae17dfaef50e
+ /.git/objects/20/2a9ff7dbd5e9995abb0c5986cbcb8442344803
+ /.git/objects/21/2c264f79bd72e57477f149930f8d7d8a12b498
+ /.git/objects/27/9ef35f921424e154cd0cd0e02ac5a6bc2be86a
+ /.git/objects/2d/bd69c724224e7174d782974efef1de55b21b62
+ /.git/objects/2e/96bb941c9e63ebb7c0e19db10c0b061211c1e7
+ /.git/objects/34/b21bd0dfb4d1b47e7cdfe22f29323fd3b513d1
+ /.git/objects/36/17880a177b0e91e08cde405c257133f21b5aa6
+ /.git/objects/3a/9233724fae4e8d2c5b2cdad2c5a62c54ba9852
+ /.git/objects/3c/371e3065df9edae856a68d288f0c3d79dd576b
+ /.git/objects/3e/eeea9ca5f0481b16fa0eae590b3e38b70d77e6
+ /.git/objects/40/7d8acfa311fb47bc531168bc9f0ad3c387b36e
+ /.git/objects/45/fc23b527650e951d9124ab0a181095b0bdbe8d
+ /.git/objects/47/029dae0fbaeea06d46446bb7e077fbc95d92db
+ /.git/objects/47/6dc71dc2c26fd4490b27764ddd21178cd8957a
+ /.git/objects/49/027ba4fb1f1327fd156089a21b885607ead543
+ /.git/objects/4f/ef43857a2a2acab44d5412f1313ec42fc03fc6
+ /.git/objects/50/95aa60b05b538e79d1bd5f007810dea1a4d86c
+ /.git/objects/57/b30cda900445e47554737f76cd5ccb4b272f69
+ /.git/objects/58/db23f6a97850e3a5ab9cc0a69e89c6e2d81630
+ /.git/objects/5b/69b4eb4eba136cb95df2191140ae9c8cc83596
+ /.git/objects/69/52b74f5f81090620e9b18a10d1e7b5250f40ad
+ /.git/objects/6a/9a24448ab37f256052c8c5b7d21a14435d43e4
+ /.git/objects/6d/62c8acfe005ee872b9dd7c04c52a8fb84f3cbb
+ /.git/objects/6f/8292e8db3191d6e6caa9aef1dd7e23b64ae52d
+ /.git/objects/6f/b05381914f01f4bdfa05b8adc3913b5daec088
+ /.git/objects/70/5e3c7b9155ee3354ab4ae422036e2da1b0fae7
+ /.git/objects/79/62ed1e0b391b5d4c9796c0ebb6acdb1f27067b
+ /.git/objects/7b/2cd3af78478369a96c53b425fbe8150b7e468a
+ /.git/objects/7b/bd8f1f11244bee12304f89acf9d12a2b12595e
+ /.git/objects/8e/3eb9f05f039b6cae21dd187bf26d3c953f2ba4
+ /.git/objects/8f/31aaf77db36f20a11b9f721839503f87a4bab7
+ /.git/objects/92/4ca6f27479bd05492e70dae92c15c54d01084d
+ /.git/objects/96/33c9d79128d882862922177824338dc107396a
+ /.git/objects/9a/ad396b9799c09fe031224f5af9376459b323f7
+ /.git/objects/9d/7b11f9f37feed4aef1ed69a1522dd19da01439
+ /.git/objects/a3/52a5c51fd249ee1c5ccbb26a64507ab034e922
+ /.git/objects/a4/8f46fa3893ad4806a69bdef5b77dedd8aa96a4
+ /.git/objects/a8/85e4d234f59139bd282be6f48bb838b88f22bc
+ /.git/objects/a9/600ff319bb36f3f9fe31a77bb61f61ddbf6537
+ /.git/objects/aa/4f087e6f5a6354d7211ae55398b9fc6ad04018
+ /.git/objects/aa/b23a8ca7e0d23c80ef48d781c36071635a5e7d
+ /.git/objects/b7/56a7b703145cba11924070cd24e44bfa70b042
+ /.git/objects/b8/1e6f2d91f993ee1b189bf280e02e15de82b052
+ /.git/objects/c0/1ad191735080744d0edaf20a53ab94a9581a0a
+ /.git/objects/cb/1ffc563b5eb0cb1078fc46a9748b9e86f902f1
+ /.git/objects/d7/bf1cd9ab1d40eeee0111203ad21da76cc2e00d
+ /.git/objects/e0/f1690f1c846f54d0585d39516fc38362887116
+ /.git/objects/e1/f13a1e229552234d748fe3709652dab26de626
+ /.git/objects/e6/9de29bb2d1d6434b8b29ae775ad8c2e48c5391
+ /.git/objects/e6/d03e7501a7785e9c1a37e914caa7086857691e
+ /.git/objects/ec/da5ff2de24e15c2ae66015e7ca821df5b39a90
+ /.git/objects/f7/dbbeec58291e1a509e97f385296c2c105d085e
+ /.git/objects/fb/7e821faff6c4545fb7618d55961bfd47371aa1
+ /.git/COMMIT_EDITMSG
+ /test/bad1.qb

--[ 2021.04.05.14.42.13.587.0 ]--
CompilationStatus (AEW): 0 0 0
--[ 2021.04.05.14.43.06.543.0 ]--
UpdateTree (AD): 1 0
+ /test/bad2.qb

--[ 2021.04.05.14.45.16.009.0 ]--
CompilationStatus (AEW): 0 0 0
--[ 2021.04.05.14.50.18.121.0 ]--
UpdateTree (AD): 1 0
+ /test/bad3.qb

--[ 2021.04.05.14.50.41.123.0 ]--
CompilationStatus (AEW): 0 0 0
--[ 2021.04.05.14.53.44.681.0 ]--
CompilationStatus (AEW): 0 0 0
--[ 2021.04.05.15.03.05.483.0 ]--
UpdateTree (AD): 1 0
+ /test/bad4.qb

--[ 2021.04.05.15.04.33.082.0 ]--
CompilationStatus (AEW): 0 0 0
--[ 2021.04.05.15.12.23.783.0 ]--
UpdateTree (AD): 7 0
+ /.git/objects/0f/43eee47cfaf3d6061635c28f6c7ac8773bb7b4
+ /.git/objects/13/108d66264b2136aed8fed174f085d3f7dc7293
+ /.git/objects/3e/9db0b14ca7e76eebb436092a4f6b1e4bf5f0e0
+ /.git/objects/89/1bab16c9191f63a1a9fcd2b7565a29d229fffb
+ /.git/objects/91/bd0bf351a2e29ec7be1c0b937da429048ee5da
+ /.git/objects/93/689db25d1b154cdc3f831dcadaf70db4bbd6be
+ /.git/objects/eb/d043239ea5df012f286f093c91122ef0733d37

--[ 2021.04.05.20.22.10.008.0 ]--
UpdateTree (AD): 4 0
+ /.git/objects/80/10e30c1d451603705cfff60c7caac0be0f702d
+ /.git/objects/f4/98197ba16b74a243a1d4ae79e18601fa04eaed
+ /.git/ORIG_HEAD
+ /.git/FETCH_HEAD

--[ 2021.04.05.20.36.23.088.0 ]--
UpdateTree (AD): 3 0
+ /.git/objects/c0/44115275bc1d4c719650cbcadfcddd8f106f5d
+ /asset1.png
+ /readme.html

